proguard/seeds.txt
com.foxconn.app.App
com.foxconn.app.App: com.foxconn.app.App mInstance
com.foxconn.app.App: com.foxconn.emm.lock.LockPatternUtils mLockPatternUtils
com.foxconn.app.App: int SHOWREQID
com.foxconn.app.App: com.baidu.location.LocationClient mLocClient
com.foxconn.app.App: com.foxconn.lib.download.DownFileDao mDownFileDao
com.foxconn.app.App: com.foxconn.app.App$EMMLocationListenner myListener
com.foxconn.app.App: android.app.NotificationManager mNotificationManager
com.foxconn.app.App: com.foxconn.app.App$onLocationReceiveListener locationReceiveListener
com.foxconn.app.App: android.app.ActivityManager activitymgr
com.foxconn.app.App: java.util.List mList
com.foxconn.app.App: android.app.Notification mNotification
com.foxconn.app.App: double mLatitude
com.foxconn.app.App: double mLongitude
com.foxconn.app.App: com.baidu.location.BDLocation bdLocation
com.foxconn.app.App: App()
com.foxconn.app.App: void onCreate()
com.foxconn.app.App: com.foxconn.emm.lock.LockPatternUtils getLockPatternUtils()
com.foxconn.app.App: com.foxconn.app.App getInstance()
com.foxconn.app.App: void addActivity(android.app.Activity)
com.foxconn.app.App: void exit()
com.foxconn.app.App: void resetIsCurrentProcessPause()
com.foxconn.app.App: boolean isCurrentProcessPause()
com.foxconn.app.App: void onLowMemory()
com.foxconn.app.App: void showNotification(com.foxconn.emm.bean.UpdateInfo)
com.foxconn.app.App: void startLoc()
com.foxconn.app.App: void stopLoc()
com.foxconn.app.R$anim: int activity_2_enter_in
com.foxconn.app.R$anim: int activity_2_enter_out
com.foxconn.app.R$anim: int activity_back
com.foxconn.app.R$anim: int activity_finish
com.foxconn.app.R$anim: int activity_new
com.foxconn.app.R$anim: int activity_out
com.foxconn.app.R$anim: int alpha_rotate_in
com.foxconn.app.R$anim: int alpha_rotate_out
com.foxconn.app.R$anim: int alpha_scale_in
com.foxconn.app.R$anim: int alpha_scale_out
com.foxconn.app.R$anim: int alpha_scale_translate_in
com.foxconn.app.R$anim: int alpha_scale_translate_out
com.foxconn.app.R$anim: int alpha_scale_translate_rotate_in
com.foxconn.app.R$anim: int alpha_scale_translate_rotate_out
com.foxconn.app.R$anim: int anim_enter
com.foxconn.app.R$anim: int anim_exit
com.foxconn.app.R$anim: int back_enter
com.foxconn.app.R$anim: int back_exit
com.foxconn.app.R$anim: int bounce_in
com.foxconn.app.R$anim: int bounce_out
com.foxconn.app.R$anim: int connection
com.foxconn.app.R$anim: int decelerate_cubic
com.foxconn.app.R$anim: int dialog_enter
com.foxconn.app.R$anim: int dialog_exit
com.foxconn.app.R$anim: int disappear
com.foxconn.app.R$anim: int erase_translate_in
com.foxconn.app.R$anim: int erase_translate_out
com.foxconn.app.R$anim: int grow_from_bottom
com.foxconn.app.R$anim: int grow_from_bottomleft_to_topright
com.foxconn.app.R$anim: int grow_from_bottomright_to_topleft
com.foxconn.app.R$anim: int grow_from_top
com.foxconn.app.R$anim: int grow_from_topleft_to_bottomright
com.foxconn.app.R$animator: int info
...
com.foxconn.lib.download.AbDownloadProgressListener
com.foxconn.lib.download.AbDownloadProgressListener: void onDownloadSize(long)
com.foxconn.lib.download.AbDownloadThread
com.foxconn.lib.download.AbDownloadThread: java.lang.String TAG
com.foxconn.lib.download.AbDownloadThread: boolean D
com.foxconn.lib.download.AbDownloadThread: java.io.File saveFile
com.foxconn.lib.download.AbDownloadThread: com.foxconn.lib.download.DownFile mDownFile
com.foxconn.lib.download.AbDownloadThread: boolean finish
com.foxconn.lib.download.AbDownloadThread: boolean flag
com.foxconn.lib.download.AbDownloadThread: com.foxconn.lib.download.AbFileDownloader downloader
com.foxconn.lib.download.AbDownloadThread: AbDownloadThread(com.foxconn.lib.download.AbFileDownloader,com.foxconn.lib.download.DownFile,java.io.File)
com.foxconn.lib.download.AbDownloadThread: void run()
com.foxconn.lib.download.AbDownloadThread: boolean isFinish()
com.foxconn.lib.download.AbDownloadThread: java.io.File getSaveFile()
com.foxconn.lib.download.AbDownloadThread: void setFlag(boolean)
com.foxconn.lib.download.AbFileDownloader
com.foxconn.lib.download.AbFileDownloader: java.lang.String TAG
com.foxconn.lib.download.AbFileDownloader: boolean D
com.foxconn.lib.download.AbFileDownloader: android.content.Context context
com.foxconn.lib.download.AbFileDownloader: com.foxconn.lib.download.AbDownloadThread threads
com.foxconn.lib.download.AbFileDownloader: com.foxconn.lib.download.DownFileDao mDownFileDao
com.foxconn.lib.download.AbFileDownloader: java.io.File saveFile
com.foxconn.lib.download.AbFileDownloader: com.foxconn.lib.download.DownFile mDownFile
com.foxconn.lib.download.AbFileDownloader: int mThreadNum
com.foxconn.lib.download.AbFileDownloader: boolean flag
com.foxconn.lib.download.AbFileDownloader: void update(com.foxconn.lib.download.DownFile)
com.foxconn.lib.download.AbFileDownloader: AbFileDownloader(android.content.Context,com.foxconn.lib.download.DownFile,int)
com.foxconn.lib.download.AbFileDownloader: void download(com.foxconn.lib.download.AbDownloadProgressListener)
com.foxconn.lib.download.AbFileDownloader: java.util.Map getHttpResponseHeader(java.net.HttpURLConnection)
com.foxconn.lib.download.AbFileDownloader: void printResponseHeader(java.net.HttpURLConnection)
com.foxconn.lib.download.AbFileDownloader: com.foxconn.lib.download.AbDownloadThread getThreads()
com.foxconn.lib.download.AbFileDownloader: java.io.File getSaveFile()
com.foxconn.lib.download.AbFileDownloader: boolean getFlag()
com.foxconn.lib.download.DownFile
com.foxconn.lib.download.DownFile: int _ID
com.foxconn.lib.download.DownFile: java.lang.String icon
com.foxconn.lib.download.DownFile: java.lang.String name
com.foxconn.lib.download.DownFile: java.lang.String description
com.foxconn.lib.download.DownFile: java.lang.String pakageName
com.foxconn.lib.download.DownFile: int state
com.foxconn.lib.download.DownFile: java.lang.String downUrl
com.foxconn.lib.download.DownFile: java.lang.String downPath
com.foxconn.lib.download.DownFile: long downLength
com.foxconn.lib.download.DownFile: long totalLength
com.foxconn.lib.download.DownFile: java.lang.String suffix
com.foxconn.lib.download.DownFile: DownFile()
com.foxconn.lib.download.DownFile: int get_ID()
com.foxconn.lib.download.DownFile: void set_ID(int)
com.foxconn.lib.download.DownFile: java.lang.String getIcon()
com.foxconn.lib.download.DownFile: void setIcon(java.lang.String)
com.foxconn.lib.download.DownFile: java.lang.String getName()
com.foxconn.lib.download.DownFile: void setName(java.lang.String)
com.foxconn.lib.download.DownFile: java.lang.String getDescription()
com.foxconn.lib.download.DownFile: void setDescription(java.lang.String)
com.foxconn.lib.download.DownFile: java.lang.String getPakageName()
com.foxconn.lib.download.DownFile: void setPakageName(java.lang.String)
com.foxconn.lib.download.DownFile: int getState()
com.foxconn.lib.download.DownFile: void setState(int)
com.foxconn.lib.download.DownFile: java.lang.String getDownUrl()