proguard/mapping.txt
com.foxconn.app.App -> com.foxconn.app.App:
    com.foxconn.app.App mInstance -> mInstance
    com.foxconn.emm.lock.LockPatternUtils mLockPatternUtils -> mLockPatternUtils
    int SHOWREQID -> SHOWREQID
    com.baidu.location.LocationClient mLocClient -> mLocClient
    com.foxconn.lib.download.DownFileDao mDownFileDao -> mDownFileDao
    com.foxconn.app.App$EMMLocationListenner myListener -> myListener
    android.app.NotificationManager mNotificationManager -> mNotificationManager
    com.foxconn.app.App$onLocationReceiveListener locationReceiveListener -> locationReceiveListener
    android.app.ActivityManager activitymgr -> activitymgr
    java.util.List mList -> mList
    android.app.Notification mNotification -> mNotification
    double mLatitude -> mLatitude
    double mLongitude -> mLongitude
    com.baidu.location.BDLocation bdLocation -> bdLocation
    void onCreate() -> onCreate
    com.foxconn.emm.lock.LockPatternUtils getLockPatternUtils() -> getLockPatternUtils
    com.foxconn.app.App getInstance() -> getInstance
    void addActivity(android.app.Activity) -> addActivity
    void exit() -> exit
    void resetIsCurrentProcessPause() -> resetIsCurrentProcessPause
    boolean isCurrentProcessPause() -> isCurrentProcessPause
    void onLowMemory() -> onLowMemory
    void showNotification(com.foxconn.emm.bean.UpdateInfo) -> showNotification
    void startLoc() -> startLoc
    void stopLoc() -> stopLoc
com.foxconn.app.App$EMMLocationListenner -> com.foxconn.app.a:
    com.foxconn.app.App this$0 -> a
    void onReceiveLocation(com.baidu.location.BDLocation) -> onReceiveLocation
    void onReceivePoi(com.baidu.location.BDLocation) -> onReceivePoi
com.foxconn.app.App$onLocationReceiveListener -> com.foxconn.app.b:
    void onReceiveLocation(com.baidu.location.BDLocation) -> onReceiveLocation
com.foxconn.app.IConnectionStatusCallback -> com.foxconn.app.c:
    void connectionStatusChanged(int,java.lang.String) -> connectionStatusChanged
com.foxconn.app.IMessageReceiveCallback -> com.foxconn.app.d:
    void onMessageReceived(java.lang.String) -> onMessageReceived
com.foxconn.app.R -> com.foxconn.app.e:
com.foxconn.app.R$styleable -> com.foxconn.app.f:
    int[] CirclePageIndicator -> CirclePageIndicator
    int CirclePageIndicator_android_background -> CirclePageIndicator_android_background
    int CirclePageIndicator_android_orientation -> CirclePageIndicator_android_orientation
    int CirclePageIndicator_centered -> CirclePageIndicator_centered
    int CirclePageIndicator_fillColor -> CirclePageIndicator_fillColor
    int CirclePageIndicator_pageColor -> CirclePageIndicator_pageColor
    int CirclePageIndicator_radius -> CirclePageIndicator_radius
    int CirclePageIndicator_snap -> CirclePageIndicator_snap
    int CirclePageIndicator_strokeColor -> CirclePageIndicator_strokeColor
    int CirclePageIndicator_strokeWidth -> CirclePageIndicator_strokeWidth
    int[] LinePageIndicator -> LinePageIndicator
    int LinePageIndicator_android_background -> LinePageIndicator_android_background
    int LinePageIndicator_centered -> LinePageIndicator_centered
    int LinePageIndicator_gapWidth -> LinePageIndicator_gapWidth
    int LinePageIndicator_lineWidth -> LinePageIndicator_lineWidth
    int LinePageIndicator_selectedColor -> LinePageIndicator_selectedColor
    int LinePageIndicator_strokeWidth -> LinePageIndicator_strokeWidth
    int LinePageIndicator_unselectedColor -> LinePageIndicator_unselectedColor
    int[] LockPatternView -> LockPatternView
    int LockPatternView_arrowGreenUp -> LockPatternView_arrowGreenUp
...
com.charon.pulltorefreshlistview.R$style -> com.charon.pulltorefreshlistview.R$style:
    int AppBaseTheme -> AppBaseTheme
    int AppTheme -> AppTheme
com.foxconn.emm.adapter.AppAdapter -> com.foxconn.emm.adapter.AppAdapter:
    android.content.Context context -> context
    java.util.List appInfoList -> appInfoList
    int item -> item
    android.view.LayoutInflater inflater -> inflater
    int getCount() -> getCount
    java.lang.Object getItem(int) -> getItem
    long getItemId(int) -> getItemId
    android.view.View getView(int,android.view.View,android.view.ViewGroup) -> getView
    java.lang.String parseSendTime(java.lang.String) -> parseSendTime
    java.lang.String parseFileSize(java.lang.String) -> parseFileSize
com.foxconn.emm.adapter.AppAdapter$DataWrapper -> com.foxconn.emm.adapter.a:
    android.widget.TextView app_title -> a
    android.widget.TextView app_receive_date -> b
    android.widget.TextView app_size -> c
    com.foxconn.emm.adapter.AppAdapter this$0 -> d
com.foxconn.emm.adapter.CalendarAdapter -> com.foxconn.emm.adapter.CalendarAdapter:
    android.content.Context context -> context
    java.util.List calendarInfoList -> calendarInfoList
    int item -> item
    android.view.LayoutInflater inflater -> inflater
    int getCount() -> getCount
    java.lang.Object getItem(int) -> getItem
    long getItemId(int) -> getItemId
    android.view.View getView(int,android.view.View,android.view.ViewGroup) -> getView
    java.lang.String parseSendTime(java.lang.String) -> parseSendTime
com.foxconn.emm.adapter.CalendarAdapter$DataWrapper -> com.foxconn.emm.adapter.b:
    android.widget.TextView info_center_command -> a
    android.widget.TextView info_center_content -> b
    android.widget.TextView info_center_receive_date -> c
    com.foxconn.emm.adapter.CalendarAdapter this$0 -> d
com.foxconn.emm.adapter.DownloadQueueExpandableListAdapter -> com.foxconn.emm.adapter.c:
    android.content.Context mContext -> c
    java.util.ArrayList mDownFileGroupList -> d
    java.lang.String[] mDownFileGroupTitle -> e
    java.util.HashMap mFileDownloaders -> a
    com.foxconn.lib.download.DownFileDao downFileDao -> f
    com.foxconn.emm.adapter.DownloadQueueExpandableListAdapter$ViewHolder holder -> b
    com.foxconn.lib.download.DownFile getChild(int,int) -> a
    long getChildId(int,int) -> getChildId
    int getChildrenCount(int) -> getChildrenCount
    android.view.View getChildView(int,int,boolean,android.view.View,android.view.ViewGroup) -> getChildView
    void autoDownload(com.foxconn.lib.download.DownFile,com.foxconn.lib.download.AbDownloadProgressListener) -> a
    android.graphics.drawable.Drawable getIconDrawable(com.foxconn.lib.download.DownFile) -> a
    java.lang.Object getGroup(int) -> getGroup
    int getGroupCount() -> getGroupCount
    long getGroupId(int) -> getGroupId
    android.view.View getGroupView(int,boolean,android.view.View,android.view.ViewGroup) -> getGroupView
    boolean isChildSelectable(int,int) -> isChildSelectable
    boolean hasStableIds() -> hasStableIds
    void releaseThread() -> a
    java.lang.Object getChild(int,int) -> getChild
    java.util.ArrayList access$1(com.foxconn.emm.adapter.DownloadQueueExpandableListAdapter) -> a
com.foxconn.emm.adapter.DownloadQueueExpandableListAdapter$1 -> com.foxconn.emm.adapter.d:
    com.foxconn.emm.adapter.DownloadQueueExpandableListAdapter this$0 -> a
    com.foxconn.lib.download.DownFile val$mDownFile -> b
    void onDownloadSize(long) -> onDownloadSize
    com.foxconn.emm.adapter.DownloadQueueExpandableListAdapter access$0(com.foxconn.emm.adapter.DownloadQueueExpandableListAdapter$1) -> a
com.foxconn.emm.adapter.DownloadQueueExpandableListAdapter$1$1 -> com.foxconn.emm.adapter.e:
    com.foxconn.emm.adapter.DownloadQueueExpandableListAdapter$1 this$1 -> a
    int val$c -> b
    long val$size -> c
    com.foxconn.lib.download.DownFile val$mDownFile -> d
    void run() -> run