proguard/usage.txt
com.foxconn.app.BuildConfig
com.foxconn.app.Manifest
com.foxconn.app.Manifest$permission
com.foxconn.app.R:
    10:10:public R()
com.foxconn.app.R$anim
com.foxconn.app.R$animator
com.foxconn.app.R$attr
com.foxconn.app.R$bool
com.foxconn.app.R$color
com.foxconn.app.R$dimen
com.foxconn.app.R$drawable
com.foxconn.app.R$id
com.foxconn.app.R$integer
com.foxconn.app.R$layout
com.foxconn.app.R$raw
com.foxconn.app.R$string
com.foxconn.app.R$style
com.foxconn.app.R$styleable:
    2558:2558:public R$styleable()
com.foxconn.app.R$xml
com.foxconn.app.aty.AtyLimitApps$HomeWatcherReceiver:
    private static final java.lang.String LOG_TAG
    private static final java.lang.String SYSTEM_DIALOG_REASON_KEY
    private static final java.lang.String SYSTEM_DIALOG_REASON_RECENT_APPS
    private static final java.lang.String SYSTEM_DIALOG_REASON_HOME_KEY
    private static final java.lang.String SYSTEM_DIALOG_REASON_LOCK
    private static final java.lang.String SYSTEM_DIALOG_REASON_ASSIST
com.foxconn.app.aty.AtyWelcome:
    public static final int REQUEST_CODE_ENABLE_ADMIN
    public static final java.lang.String FLAG_FROM_ATY
    public static final java.lang.String FLAG_FROM_ATY_VALUE
    199:253:private void fillLimitlistData()
    401:421:public void createShortCut(android.app.Activity,java.lang.String,java.lang.String,int)
    488:500:private void addShortcut_old()
com.foxconn.app.aty.CaptureActivity:
    262:265:public void restartPreviewAfterDelay(long)
com.foxconn.app.aty.FrgBlackApp:
    private static final int LOAD_COMPLETE
    private static final int LOAD_FAIL
com.foxconn.app.aty.FrgFile:
    private com.foxconn.app.App app
    private com.foxconn.emm.swipemenulistview.SwipeMenuItem openItem
com.foxconn.app.aty.FrgLimitApp:
    private static final int LOAD_COMPLETE
    private static final int LOAD_FAIL
com.foxconn.app.aty.FrgPic:
    private com.foxconn.emm.swipemenulistview.SwipeMenuItem openItem
com.foxconn.app.aty.FrgWhiteApp:
    private static final int LOAD_COMPLETE
    private static final int LOAD_FAIL
com.foxconn.app.aty.ShowWebpage$WebPageClient:
    63:65:public boolean onJsAlert(android.webkit.WebView,java.lang.String,java.lang.String,android.webkit.JsResult)
...
com.foxconn.emm.utils.IconImgUtils:
    11:11:public IconImgUtils()
com.foxconn.emm.utils.ImageUtils:
    163:169:public static byte[] bitmapToByte(android.graphics.Bitmap)
    179:179:public static android.graphics.Bitmap byteToBitmap(byte[])
    214:221:public android.graphics.Bitmap getImgFromLocal(java.lang.String)
    236:242:public static android.graphics.Bitmap decodeSampledBitmapFromResource(android.content.res.Resources,int,int,int)
    256:261:public static android.graphics.Bitmap decodeSampledBitmapFromFilePath(java.lang.String,int,int)
    276:286:public static int calculateInSampleSize(android.graphics.BitmapFactory$Options,int,int)
    323:332:public static android.graphics.drawable.BitmapDrawable zoomBitmap(android.graphics.Bitmap,java.lang.Float,java.lang.Float)
    346:354:static android.graphics.Bitmap drawableToBitmap(android.graphics.drawable.Drawable)
    367:382:public static android.graphics.Bitmap getRoundCornerBitmap(android.graphics.Bitmap,float)
    394:433:public static android.graphics.Bitmap createReflectionImageWithOrigin(android.graphics.Bitmap,int)
    450:504:static android.graphics.Bitmap haloEffect(android.graphics.Bitmap,int,int,float)
    516:588:public static android.graphics.Bitmap addFrame(android.graphics.Bitmap,android.graphics.Bitmap)
    606:631:public android.graphics.Bitmap getImageThumbnail(java.lang.String,int,int)
    635:669:public android.graphics.Bitmap decodeFile(java.lang.String,int[])
    691:695:public android.graphics.Bitmap getVideoThumbnail(java.lang.String,int,int,int)
com.foxconn.emm.utils.L:
    private static final java.lang.String TAG
    10:10:public L()
    31:33:public static void v(java.lang.String)
com.foxconn.emm.utils.LogUtil
com.foxconn.emm.utils.ParseXmlUtils:
    12:12:public ParseXmlUtils()
com.foxconn.emm.utils.PreferenceUtils
com.foxconn.emm.utils.PreferencesUtils:
    6:6:public PreferencesUtils()
    41:41:public static java.lang.String getString(android.content.Context,java.lang.String)
    75:79:public static boolean putInt(android.content.Context,java.lang.String,int)
    94:94:public static int getInt(android.content.Context,java.lang.String)
    110:112:public static int getInt(android.content.Context,java.lang.String,int)
    127:131:public static boolean putLong(android.content.Context,java.lang.String,long)
    146:146:public static long getLong(android.content.Context,java.lang.String)
    162:164:public static long getLong(android.content.Context,java.lang.String,long)
    179:183:public static boolean putFloat(android.content.Context,java.lang.String,float)
    198:198:public static float getFloat(android.content.Context,java.lang.String)
    214:216:public static float getFloat(android.content.Context,java.lang.String,float)
    231:235:public static boolean putBoolean(android.content.Context,java.lang.String,boolean)
    250:250:public static boolean getBoolean(android.content.Context,java.lang.String)
    267:269:public static boolean getBoolean(android.content.Context,java.lang.String,boolean)
com.foxconn.emm.utils.ProcessUtil
com.foxconn.emm.utils.ShellUtils
com.foxconn.emm.utils.ShellUtils$CommandResult
com.foxconn.emm.utils.T:
    12:12:public T()
    39:46:public static void showShort(android.content.Context,int)
    71:78:public static void showLong(android.content.Context,int)
    105:112:public static void show(android.content.Context,int,int)
    116:119:public static void hideToast()
com.foxconn.emm.utils.TaskUtil:
    10:10:public TaskUtil()
    22:25:public static int getProcessCount(android.content.Context)
    29:33:public static java.lang.String getMemeorySize(android.content.Context)
com.foxconn.emm.utils.TestNetUtils:
    private android.content.Context context
    private static final java.lang.String innerUrl
    17:19:public TestNetUtils(android.content.Context)